{"C:\\Users\\LENOVO\\Pictures\\New folder\\my-unit-test-challenge\\src\\controller\\authController.js": {"path":"C:\\Users\\LENOVO\\Pictures\\New folder\\my-unit-test-challenge\\src\\controller\\authController.js","statementMap":{"0":{"start":{"line":1,"column":12},"end":{"line":1,"column":35}},"1":{"start":{"line":2,"column":19},"end":{"line":2,"column":40}},"2":{"start":{"line":3,"column":15},"end":{"line":3,"column":32}},"3":{"start":{"line":4,"column":15},"end":{"line":4,"column":34}},"4":{"start":{"line":5,"column":28},"end":{"line":5,"column":48}},"5":{"start":{"line":6,"column":21},"end":{"line":6,"column":56}},"6":{"start":{"line":15,"column":22},"end":{"line":32,"column":1}},"7":{"start":{"line":16,"column":21},"end":{"line":18,"column":49}},"8":{"start":{"line":20,"column":4},"end":{"line":31,"column":6}},"9":{"start":{"line":61,"column":4},"end":{"line":188,"column":5}},"10":{"start":{"line":62,"column":26},"end":{"line":62,"column":34}},"11":{"start":{"line":63,"column":8},"end":{"line":63,"column":77}},"12":{"start":{"line":66,"column":8},"end":{"line":71,"column":9}},"13":{"start":{"line":67,"column":12},"end":{"line":70,"column":15}},"14":{"start":{"line":74,"column":27},"end":{"line":74,"column":55}},"15":{"start":{"line":75,"column":8},"end":{"line":80,"column":9}},"16":{"start":{"line":76,"column":12},"end":{"line":79,"column":15}},"17":{"start":{"line":83,"column":21},"end":{"line":83,"column":50}},"18":{"start":{"line":86,"column":8},"end":{"line":93,"column":9}},"19":{"start":{"line":87,"column":12},"end":{"line":87,"column":75}},"20":{"start":{"line":89,"column":12},"end":{"line":92,"column":15}},"21":{"start":{"line":96,"column":27},"end":{"line":96,"column":58}},"22":{"start":{"line":97,"column":8},"end":{"line":97,"column":84}},"23":{"start":{"line":98,"column":8},"end":{"line":98,"column":80}},"24":{"start":{"line":101,"column":25},"end":{"line":101,"column":89}},"25":{"start":{"line":104,"column":28},"end":{"line":136,"column":9}},"26":{"start":{"line":138,"column":8},"end":{"line":179,"column":9}},"27":{"start":{"line":139,"column":12},"end":{"line":139,"column":87}},"28":{"start":{"line":142,"column":32},"end":{"line":142,"column":69}},"29":{"start":{"line":143,"column":12},"end":{"line":145,"column":13}},"30":{"start":{"line":144,"column":16},"end":{"line":144,"column":91}},"31":{"start":{"line":148,"column":32},"end":{"line":148,"column":73}},"32":{"start":{"line":149,"column":12},"end":{"line":149,"column":89}},"33":{"start":{"line":152,"column":12},"end":{"line":152,"column":115}},"34":{"start":{"line":154,"column":12},"end":{"line":161,"column":15}},"35":{"start":{"line":164,"column":12},"end":{"line":164,"column":90}},"36":{"start":{"line":167,"column":12},"end":{"line":171,"column":13}},"37":{"start":{"line":168,"column":16},"end":{"line":168,"column":101}},"38":{"start":{"line":169,"column":19},"end":{"line":171,"column":13}},"39":{"start":{"line":170,"column":16},"end":{"line":170,"column":98}},"40":{"start":{"line":173,"column":12},"end":{"line":173,"column":132}},"41":{"start":{"line":175,"column":12},"end":{"line":178,"column":15}},"42":{"start":{"line":181,"column":8},"end":{"line":181,"column":54}},"43":{"start":{"line":182,"column":8},"end":{"line":182,"column":81}},"44":{"start":{"line":184,"column":8},"end":{"line":187,"column":11}},"45":{"start":{"line":193,"column":4},"end":{"line":314,"column":5}},"46":{"start":{"line":194,"column":26},"end":{"line":194,"column":35}},"47":{"start":{"line":195,"column":46},"end":{"line":195,"column":54}},"48":{"start":{"line":198,"column":8},"end":{"line":202,"column":9}},"49":{"start":{"line":199,"column":12},"end":{"line":201,"column":15}},"50":{"start":{"line":204,"column":8},"end":{"line":208,"column":9}},"51":{"start":{"line":205,"column":12},"end":{"line":207,"column":15}},"52":{"start":{"line":210,"column":8},"end":{"line":214,"column":9}},"53":{"start":{"line":211,"column":12},"end":{"line":213,"column":15}},"54":{"start":{"line":216,"column":8},"end":{"line":220,"column":9}},"55":{"start":{"line":217,"column":12},"end":{"line":219,"column":15}},"56":{"start":{"line":224,"column":8},"end":{"line":230,"column":9}},"57":{"start":{"line":225,"column":12},"end":{"line":225,"column":69}},"58":{"start":{"line":227,"column":12},"end":{"line":229,"column":15}},"59":{"start":{"line":233,"column":21},"end":{"line":233,"column":55}},"60":{"start":{"line":235,"column":8},"end":{"line":239,"column":9}},"61":{"start":{"line":236,"column":12},"end":{"line":238,"column":15}},"62":{"start":{"line":242,"column":8},"end":{"line":242,"column":44}},"63":{"start":{"line":245,"column":28},"end":{"line":282,"column":9}},"64":{"start":{"line":284,"column":8},"end":{"line":303,"column":9}},"65":{"start":{"line":285,"column":12},"end":{"line":285,"column":112}},"66":{"start":{"line":288,"column":32},"end":{"line":288,"column":69}},"67":{"start":{"line":289,"column":12},"end":{"line":291,"column":13}},"68":{"start":{"line":290,"column":16},"end":{"line":290,"column":91}},"69":{"start":{"line":294,"column":25},"end":{"line":294,"column":66}},"70":{"start":{"line":295,"column":12},"end":{"line":295,"column":103}},"71":{"start":{"line":298,"column":12},"end":{"line":298,"column":127}},"72":{"start":{"line":300,"column":12},"end":{"line":300,"column":90}},"73":{"start":{"line":301,"column":12},"end":{"line":301,"column":129}},"74":{"start":{"line":305,"column":8},"end":{"line":307,"column":11}},"75":{"start":{"line":310,"column":8},"end":{"line":310,"column":54}},"76":{"start":{"line":311,"column":8},"end":{"line":313,"column":11}},"77":{"start":{"line":338,"column":4},"end":{"line":392,"column":5}},"78":{"start":{"line":339,"column":23},"end":{"line":339,"column":39}},"79":{"start":{"line":340,"column":66},"end":{"line":340,"column":74}},"80":{"start":{"line":343,"column":8},"end":{"line":347,"column":9}},"81":{"start":{"line":344,"column":12},"end":{"line":346,"column":15}},"82":{"start":{"line":350,"column":8},"end":{"line":354,"column":9}},"83":{"start":{"line":351,"column":12},"end":{"line":353,"column":15}},"84":{"start":{"line":357,"column":21},"end":{"line":357,"column":48}},"85":{"start":{"line":358,"column":8},"end":{"line":362,"column":9}},"86":{"start":{"line":359,"column":12},"end":{"line":361,"column":15}},"87":{"start":{"line":365,"column":32},"end":{"line":365,"column":84}},"88":{"start":{"line":366,"column":8},"end":{"line":370,"column":9}},"89":{"start":{"line":367,"column":12},"end":{"line":369,"column":15}},"90":{"start":{"line":373,"column":8},"end":{"line":377,"column":9}},"91":{"start":{"line":374,"column":12},"end":{"line":376,"column":15}},"92":{"start":{"line":380,"column":8},"end":{"line":380,"column":47}},"93":{"start":{"line":382,"column":8},"end":{"line":385,"column":11}},"94":{"start":{"line":388,"column":8},"end":{"line":388,"column":55}},"95":{"start":{"line":389,"column":8},"end":{"line":391,"column":11}},"96":{"start":{"line":420,"column":4},"end":{"line":499,"column":5}},"97":{"start":{"line":421,"column":59},"end":{"line":421,"column":67}},"98":{"start":{"line":422,"column":8},"end":{"line":422,"column":75}},"99":{"start":{"line":425,"column":8},"end":{"line":437,"column":9}},"100":{"start":{"line":426,"column":33},"end":{"line":426,"column":62}},"101":{"start":{"line":427,"column":12},"end":{"line":433,"column":13}},"102":{"start":{"line":428,"column":16},"end":{"line":428,"column":77}},"103":{"start":{"line":429,"column":16},"end":{"line":432,"column":19}},"104":{"start":{"line":435,"column":12},"end":{"line":435,"column":97}},"105":{"start":{"line":439,"column":8},"end":{"line":439,"column":73}},"106":{"start":{"line":442,"column":25},"end":{"line":449,"column":9}},"107":{"start":{"line":452,"column":8},"end":{"line":491,"column":9}},"108":{"start":{"line":453,"column":28},"end":{"line":453,"column":46}},"109":{"start":{"line":454,"column":30},"end":{"line":454,"column":50}},"110":{"start":{"line":455,"column":12},"end":{"line":455,"column":92}},"111":{"start":{"line":458,"column":26},"end":{"line":458,"column":50}},"112":{"start":{"line":461,"column":12},"end":{"line":463,"column":15}},"113":{"start":{"line":462,"column":16},"end":{"line":462,"column":97}},"114":{"start":{"line":465,"column":12},"end":{"line":478,"column":15}},"115":{"start":{"line":480,"column":12},"end":{"line":480,"column":98}},"116":{"start":{"line":483,"column":12},"end":{"line":488,"column":13}},"117":{"start":{"line":484,"column":16},"end":{"line":487,"column":19}},"118":{"start":{"line":490,"column":12},"end":{"line":490,"column":28}},"119":{"start":{"line":493,"column":8},"end":{"line":493,"column":63}},"120":{"start":{"line":495,"column":8},"end":{"line":498,"column":11}},"121":{"start":{"line":506,"column":4},"end":{"line":544,"column":5}},"122":{"start":{"line":507,"column":28},"end":{"line":523,"column":9}},"123":{"start":{"line":525,"column":8},"end":{"line":525,"column":88}},"124":{"start":{"line":528,"column":28},"end":{"line":528,"column":65}},"125":{"start":{"line":529,"column":8},"end":{"line":531,"column":9}},"126":{"start":{"line":530,"column":12},"end":{"line":530,"column":87}},"127":{"start":{"line":534,"column":21},"end":{"line":534,"column":62}},"128":{"start":{"line":535,"column":8},"end":{"line":535,"column":88}},"129":{"start":{"line":538,"column":8},"end":{"line":538,"column":106}},"130":{"start":{"line":540,"column":8},"end":{"line":540,"column":83}},"131":{"start":{"line":541,"column":8},"end":{"line":541,"column":58}},"132":{"start":{"line":542,"column":8},"end":{"line":542,"column":118}},"133":{"start":{"line":571,"column":4},"end":{"line":645,"column":5}},"134":{"start":{"line":572,"column":36},"end":{"line":572,"column":44}},"135":{"start":{"line":573,"column":8},"end":{"line":573,"column":59}},"136":{"start":{"line":576,"column":8},"end":{"line":581,"column":9}},"137":{"start":{"line":577,"column":12},"end":{"line":577,"column":61}},"138":{"start":{"line":578,"column":12},"end":{"line":580,"column":15}},"139":{"start":{"line":584,"column":21},"end":{"line":584,"column":50}},"140":{"start":{"line":585,"column":8},"end":{"line":590,"column":9}},"141":{"start":{"line":586,"column":12},"end":{"line":586,"column":60}},"142":{"start":{"line":587,"column":12},"end":{"line":589,"column":15}},"143":{"start":{"line":592,"column":8},"end":{"line":592,"column":79}},"144":{"start":{"line":594,"column":8},"end":{"line":594,"column":81}},"145":{"start":{"line":595,"column":8},"end":{"line":595,"column":75}},"146":{"start":{"line":596,"column":8},"end":{"line":596,"column":101}},"147":{"start":{"line":597,"column":8},"end":{"line":597,"column":70}},"148":{"start":{"line":600,"column":32},"end":{"line":600,"column":69}},"149":{"start":{"line":601,"column":8},"end":{"line":601,"column":78}},"150":{"start":{"line":603,"column":8},"end":{"line":607,"column":9}},"151":{"start":{"line":604,"column":12},"end":{"line":606,"column":15}},"152":{"start":{"line":610,"column":22},"end":{"line":610,"column":41}},"153":{"start":{"line":611,"column":8},"end":{"line":611,"column":63}},"154":{"start":{"line":614,"column":25},"end":{"line":616,"column":57}},"155":{"start":{"line":618,"column":8},"end":{"line":618,"column":132}},"156":{"start":{"line":621,"column":25},"end":{"line":628,"column":9}},"157":{"start":{"line":630,"column":8},"end":{"line":630,"column":89}},"158":{"start":{"line":632,"column":8},"end":{"line":639,"column":11}},"159":{"start":{"line":641,"column":8},"end":{"line":641,"column":45}},"160":{"start":{"line":642,"column":8},"end":{"line":644,"column":11}},"161":{"start":{"line":660,"column":4},"end":{"line":676,"column":5}},"162":{"start":{"line":665,"column":8},"end":{"line":665,"column":83}},"163":{"start":{"line":667,"column":8},"end":{"line":670,"column":11}},"164":{"start":{"line":672,"column":8},"end":{"line":672,"column":46}},"165":{"start":{"line":673,"column":8},"end":{"line":675,"column":11}},"166":{"start":{"line":679,"column":0},"end":{"line":686,"column":2}}},"fnMap":{"0":{"name":"(anonymous_0)","decl":{"start":{"line":15,"column":22},"end":{"line":15,"column":23}},"loc":{"start":{"line":15,"column":32},"end":{"line":32,"column":1}},"line":15},"1":{"name":"forgotPassword","decl":{"start":{"line":60,"column":15},"end":{"line":60,"column":29}},"loc":{"start":{"line":60,"column":40},"end":{"line":189,"column":1}},"line":60},"2":{"name":"resetPassword","decl":{"start":{"line":192,"column":15},"end":{"line":192,"column":28}},"loc":{"start":{"line":192,"column":39},"end":{"line":315,"column":1}},"line":192},"3":{"name":"changePassword","decl":{"start":{"line":337,"column":15},"end":{"line":337,"column":29}},"loc":{"start":{"line":337,"column":40},"end":{"line":393,"column":1}},"line":337},"4":{"name":"register","decl":{"start":{"line":419,"column":15},"end":{"line":419,"column":23}},"loc":{"start":{"line":419,"column":34},"end":{"line":500,"column":1}},"line":419},"5":{"name":"(anonymous_5)","decl":{"start":{"line":461,"column":46},"end":{"line":461,"column":47}},"loc":{"start":{"line":461,"column":60},"end":{"line":463,"column":13}},"line":461},"6":{"name":"sendWelcomeEmail","decl":{"start":{"line":505,"column":15},"end":{"line":505,"column":31}},"loc":{"start":{"line":505,"column":38},"end":{"line":545,"column":1}},"line":505},"7":{"name":"login","decl":{"start":{"line":570,"column":15},"end":{"line":570,"column":20}},"loc":{"start":{"line":570,"column":31},"end":{"line":646,"column":1}},"line":570},"8":{"name":"logout","decl":{"start":{"line":659,"column":15},"end":{"line":659,"column":21}},"loc":{"start":{"line":659,"column":32},"end":{"line":677,"column":1}},"line":659}},"branchMap":{"0":{"loc":{"start":{"line":16,"column":21},"end":{"line":18,"column":49}},"type":"cond-expr","locations":[{"start":{"line":17,"column":10},"end":{"line":17,"column":48}},{"start":{"line":18,"column":10},"end":{"line":18,"column":49}}],"line":16},"1":{"loc":{"start":{"line":16,"column":21},"end":{"line":16,"column":54}},"type":"binary-expr","locations":[{"start":{"line":16,"column":21},"end":{"line":16,"column":35}},{"start":{"line":16,"column":39},"end":{"line":16,"column":54}}],"line":16},"2":{"loc":{"start":{"line":18,"column":10},"end":{"line":18,"column":49}},"type":"binary-expr","locations":[{"start":{"line":18,"column":10},"end":{"line":18,"column":25}},{"start":{"line":18,"column":29},"end":{"line":18,"column":43}},{"start":{"line":18,"column":47},"end":{"line":18,"column":49}}],"line":18},"3":{"loc":{"start":{"line":66,"column":8},"end":{"line":71,"column":9}},"type":"if","locations":[{"start":{"line":66,"column":8},"end":{"line":71,"column":9}},{"start":{},"end":{}}],"line":66},"4":{"loc":{"start":{"line":75,"column":8},"end":{"line":80,"column":9}},"type":"if","locations":[{"start":{"line":75,"column":8},"end":{"line":80,"column":9}},{"start":{},"end":{}}],"line":75},"5":{"loc":{"start":{"line":86,"column":8},"end":{"line":93,"column":9}},"type":"if","locations":[{"start":{"line":86,"column":8},"end":{"line":93,"column":9}},{"start":{},"end":{}}],"line":86},"6":{"loc":{"start":{"line":108,"column":24},"end":{"line":108,"column":50}},"type":"binary-expr","locations":[{"start":{"line":108,"column":24},"end":{"line":108,"column":40}},{"start":{"line":108,"column":44},"end":{"line":108,"column":50}}],"line":108},"7":{"loc":{"start":{"line":124,"column":31},"end":{"line":124,"column":57}},"type":"binary-expr","locations":[{"start":{"line":124,"column":31},"end":{"line":124,"column":47}},{"start":{"line":124,"column":51},"end":{"line":124,"column":57}}],"line":124},"8":{"loc":{"start":{"line":143,"column":12},"end":{"line":145,"column":13}},"type":"if","locations":[{"start":{"line":143,"column":12},"end":{"line":145,"column":13}},{"start":{},"end":{}}],"line":143},"9":{"loc":{"start":{"line":167,"column":12},"end":{"line":171,"column":13}},"type":"if","locations":[{"start":{"line":167,"column":12},"end":{"line":171,"column":13}},{"start":{"line":169,"column":19},"end":{"line":171,"column":13}}],"line":167},"10":{"loc":{"start":{"line":167,"column":16},"end":{"line":167,"column":84}},"type":"binary-expr","locations":[{"start":{"line":167,"column":16},"end":{"line":167,"column":49}},{"start":{"line":167,"column":53},"end":{"line":167,"column":84}}],"line":167},"11":{"loc":{"start":{"line":169,"column":19},"end":{"line":171,"column":13}},"type":"if","locations":[{"start":{"line":169,"column":19},"end":{"line":171,"column":13}},{"start":{},"end":{}}],"line":169},"12":{"loc":{"start":{"line":198,"column":8},"end":{"line":202,"column":9}},"type":"if","locations":[{"start":{"line":198,"column":8},"end":{"line":202,"column":9}},{"start":{},"end":{}}],"line":198},"13":{"loc":{"start":{"line":204,"column":8},"end":{"line":208,"column":9}},"type":"if","locations":[{"start":{"line":204,"column":8},"end":{"line":208,"column":9}},{"start":{},"end":{}}],"line":204},"14":{"loc":{"start":{"line":204,"column":12},"end":{"line":204,"column":41}},"type":"binary-expr","locations":[{"start":{"line":204,"column":12},"end":{"line":204,"column":21}},{"start":{"line":204,"column":25},"end":{"line":204,"column":41}}],"line":204},"15":{"loc":{"start":{"line":210,"column":8},"end":{"line":214,"column":9}},"type":"if","locations":[{"start":{"line":210,"column":8},"end":{"line":214,"column":9}},{"start":{},"end":{}}],"line":210},"16":{"loc":{"start":{"line":216,"column":8},"end":{"line":220,"column":9}},"type":"if","locations":[{"start":{"line":216,"column":8},"end":{"line":220,"column":9}},{"start":{},"end":{}}],"line":216},"17":{"loc":{"start":{"line":235,"column":8},"end":{"line":239,"column":9}},"type":"if","locations":[{"start":{"line":235,"column":8},"end":{"line":239,"column":9}},{"start":{},"end":{}}],"line":235},"18":{"loc":{"start":{"line":235,"column":12},"end":{"line":235,"column":53}},"type":"binary-expr","locations":[{"start":{"line":235,"column":12},"end":{"line":235,"column":17}},{"start":{"line":235,"column":21},"end":{"line":235,"column":53}}],"line":235},"19":{"loc":{"start":{"line":250,"column":24},"end":{"line":250,"column":50}},"type":"binary-expr","locations":[{"start":{"line":250,"column":24},"end":{"line":250,"column":40}},{"start":{"line":250,"column":44},"end":{"line":250,"column":50}}],"line":250},"20":{"loc":{"start":{"line":267,"column":31},"end":{"line":267,"column":57}},"type":"binary-expr","locations":[{"start":{"line":267,"column":31},"end":{"line":267,"column":47}},{"start":{"line":267,"column":51},"end":{"line":267,"column":57}}],"line":267},"21":{"loc":{"start":{"line":289,"column":12},"end":{"line":291,"column":13}},"type":"if","locations":[{"start":{"line":289,"column":12},"end":{"line":291,"column":13}},{"start":{},"end":{}}],"line":289},"22":{"loc":{"start":{"line":343,"column":8},"end":{"line":347,"column":9}},"type":"if","locations":[{"start":{"line":343,"column":8},"end":{"line":347,"column":9}},{"start":{},"end":{}}],"line":343},"23":{"loc":{"start":{"line":343,"column":12},"end":{"line":343,"column":64}},"type":"binary-expr","locations":[{"start":{"line":343,"column":12},"end":{"line":343,"column":28}},{"start":{"line":343,"column":32},"end":{"line":343,"column":44}},{"start":{"line":343,"column":48},"end":{"line":343,"column":64}}],"line":343},"24":{"loc":{"start":{"line":350,"column":8},"end":{"line":354,"column":9}},"type":"if","locations":[{"start":{"line":350,"column":8},"end":{"line":354,"column":9}},{"start":{},"end":{}}],"line":350},"25":{"loc":{"start":{"line":358,"column":8},"end":{"line":362,"column":9}},"type":"if","locations":[{"start":{"line":358,"column":8},"end":{"line":362,"column":9}},{"start":{},"end":{}}],"line":358},"26":{"loc":{"start":{"line":366,"column":8},"end":{"line":370,"column":9}},"type":"if","locations":[{"start":{"line":366,"column":8},"end":{"line":370,"column":9}},{"start":{},"end":{}}],"line":366},"27":{"loc":{"start":{"line":373,"column":8},"end":{"line":377,"column":9}},"type":"if","locations":[{"start":{"line":373,"column":8},"end":{"line":377,"column":9}},{"start":{},"end":{}}],"line":373},"28":{"loc":{"start":{"line":427,"column":12},"end":{"line":433,"column":13}},"type":"if","locations":[{"start":{"line":427,"column":12},"end":{"line":433,"column":13}},{"start":{},"end":{}}],"line":427},"29":{"loc":{"start":{"line":483,"column":12},"end":{"line":488,"column":13}},"type":"if","locations":[{"start":{"line":483,"column":12},"end":{"line":488,"column":13}},{"start":{},"end":{}}],"line":483},"30":{"loc":{"start":{"line":483,"column":16},"end":{"line":483,"column":70}},"type":"binary-expr","locations":[{"start":{"line":483,"column":16},"end":{"line":483,"column":40}},{"start":{"line":483,"column":44},"end":{"line":483,"column":70}}],"line":483},"31":{"loc":{"start":{"line":529,"column":8},"end":{"line":531,"column":9}},"type":"if","locations":[{"start":{"line":529,"column":8},"end":{"line":531,"column":9}},{"start":{},"end":{}}],"line":529},"32":{"loc":{"start":{"line":576,"column":8},"end":{"line":581,"column":9}},"type":"if","locations":[{"start":{"line":576,"column":8},"end":{"line":581,"column":9}},{"start":{},"end":{}}],"line":576},"33":{"loc":{"start":{"line":576,"column":12},"end":{"line":576,"column":31}},"type":"binary-expr","locations":[{"start":{"line":576,"column":12},"end":{"line":576,"column":18}},{"start":{"line":576,"column":22},"end":{"line":576,"column":31}}],"line":576},"34":{"loc":{"start":{"line":585,"column":8},"end":{"line":590,"column":9}},"type":"if","locations":[{"start":{"line":585,"column":8},"end":{"line":590,"column":9}},{"start":{},"end":{}}],"line":585},"35":{"loc":{"start":{"line":596,"column":53},"end":{"line":596,"column":97}},"type":"cond-expr","locations":[{"start":{"line":596,"column":69},"end":{"line":596,"column":89}},{"start":{"line":596,"column":92},"end":{"line":596,"column":97}}],"line":596},"36":{"loc":{"start":{"line":603,"column":8},"end":{"line":607,"column":9}},"type":"if","locations":[{"start":{"line":603,"column":8},"end":{"line":607,"column":9}},{"start":{},"end":{}}],"line":603},"37":{"loc":{"start":{"line":614,"column":25},"end":{"line":616,"column":57}},"type":"cond-expr","locations":[{"start":{"line":615,"column":14},"end":{"line":615,"column":52}},{"start":{"line":616,"column":14},"end":{"line":616,"column":57}}],"line":614},"38":{"loc":{"start":{"line":614,"column":25},"end":{"line":614,"column":58}},"type":"binary-expr","locations":[{"start":{"line":614,"column":25},"end":{"line":614,"column":39}},{"start":{"line":614,"column":43},"end":{"line":614,"column":58}}],"line":614},"39":{"loc":{"start":{"line":616,"column":14},"end":{"line":616,"column":57}},"type":"binary-expr","locations":[{"start":{"line":616,"column":14},"end":{"line":616,"column":29}},{"start":{"line":616,"column":33},"end":{"line":616,"column":47}},{"start":{"line":616,"column":51},"end":{"line":616,"column":57}}],"line":616},"40":{"loc":{"start":{"line":665,"column":40},"end":{"line":665,"column":79}},"type":"cond-expr","locations":[{"start":{"line":665,"column":51},"end":{"line":665,"column":67}},{"start":{"line":665,"column":70},"end":{"line":665,"column":79}}],"line":665}},"s":{"0":1,"1":1,"2":1,"3":1,"4":1,"5":1,"6":1,"7":2,"8":2,"9":6,"10":6,"11":6,"12":6,"13":1,"14":5,"15":5,"16":1,"17":4,"18":3,"19":1,"20":1,"21":2,"22":2,"23":2,"24":2,"25":2,"26":2,"27":2,"28":2,"29":2,"30":1,"31":1,"32":1,"33":1,"34":1,"35":1,"36":1,"37":0,"38":1,"39":0,"40":1,"41":1,"42":1,"43":1,"44":1,"45":6,"46":6,"47":6,"48":6,"49":1,"50":5,"51":1,"52":4,"53":1,"54":3,"55":1,"56":2,"57":2,"58":2,"59":0,"60":0,"61":0,"62":0,"63":0,"64":0,"65":0,"66":0,"67":0,"68":0,"69":0,"70":0,"71":0,"72":0,"73":0,"74":0,"75":0,"76":0,"77":6,"78":6,"79":6,"80":6,"81":1,"82":5,"83":1,"84":4,"85":4,"86":1,"87":3,"88":3,"89":3,"90":0,"91":0,"92":0,"93":0,"94":0,"95":0,"96":3,"97":3,"98":3,"99":3,"100":3,"101":3,"102":1,"103":1,"104":0,"105":2,"106":2,"107":2,"108":2,"109":2,"110":1,"111":1,"112":1,"113":0,"114":1,"115":1,"116":1,"117":0,"118":1,"119":1,"120":1,"121":1,"122":1,"123":1,"124":1,"125":1,"126":1,"127":0,"128":0,"129":0,"130":1,"131":1,"132":1,"133":4,"134":4,"135":4,"136":4,"137":1,"138":1,"139":3,"140":3,"141":1,"142":1,"143":2,"144":2,"145":2,"146":2,"147":2,"148":2,"149":2,"150":2,"151":1,"152":1,"153":1,"154":1,"155":1,"156":1,"157":1,"158":1,"159":0,"160":0,"161":3,"162":3,"163":2,"164":1,"165":1,"166":1},"f":{"0":2,"1":6,"2":6,"3":6,"4":3,"5":0,"6":1,"7":4,"8":3},"b":{"0":[1,1],"1":[2,1],"2":[1,1,1],"3":[1,5],"4":[1,4],"5":[1,2],"6":[2,1],"7":[2,1],"8":[1,1],"9":[0,1],"10":[1,1],"11":[0,1],"12":[1,5],"13":[1,4],"14":[5,4],"15":[1,3],"16":[1,2],"17":[0,0],"18":[0,0],"19":[0,0],"20":[0,0],"21":[0,0],"22":[1,5],"23":[6,5,5],"24":[1,4],"25":[1,3],"26":[3,0],"27":[0,0],"28":[1,2],"29":[0,1],"30":[1,1],"31":[1,0],"32":[1,3],"33":[4,3],"34":[1,2],"35":[0,2],"36":[1,1],"37":[1,0],"38":[1,1],"39":[0,0,0],"40":[2,1]},"_coverageSchema":"1a1c01bbd47fc00a2c39e90264f33305004495a9","hash":"6a60694650e795449e070961553a51af7dcc136e"}
}
