TN:
SF:src\controller\authController.js
FN:15,(anonymous_0)
FN:60,forgotPassword
FN:192,resetPassword
FN:337,changePassword
FN:419,register
FN:461,(anonymous_5)
FN:505,sendWelcomeEmail
FN:570,login
FN:659,logout
FNF:9
FNH:8
FNDA:2,(anonymous_0)
FNDA:6,forgotPassword
FNDA:6,resetPassword
FNDA:6,changePassword
FNDA:3,register
FNDA:0,(anonymous_5)
FNDA:1,sendWelcomeEmail
FNDA:4,login
FNDA:3,logout
DA:1,1
DA:2,1
DA:3,1
DA:4,1
DA:5,1
DA:6,1
DA:15,1
DA:16,2
DA:20,2
DA:61,6
DA:62,6
DA:63,6
DA:66,6
DA:67,1
DA:74,5
DA:75,5
DA:76,1
DA:83,4
DA:86,3
DA:87,1
DA:89,1
DA:96,2
DA:97,2
DA:98,2
DA:101,2
DA:104,2
DA:138,2
DA:139,2
DA:142,2
DA:143,2
DA:144,1
DA:148,1
DA:149,1
DA:152,1
DA:154,1
DA:164,1
DA:167,1
DA:168,0
DA:169,1
DA:170,0
DA:173,1
DA:175,1
DA:181,1
DA:182,1
DA:184,1
DA:193,6
DA:194,6
DA:195,6
DA:198,6
DA:199,1
DA:204,5
DA:205,1
DA:210,4
DA:211,1
DA:216,3
DA:217,1
DA:224,2
DA:225,2
DA:227,2
DA:233,0
DA:235,0
DA:236,0
DA:242,0
DA:245,0
DA:284,0
DA:285,0
DA:288,0
DA:289,0
DA:290,0
DA:294,0
DA:295,0
DA:298,0
DA:300,0
DA:301,0
DA:305,0
DA:310,0
DA:311,0
DA:338,6
DA:339,6
DA:340,6
DA:343,6
DA:344,1
DA:350,5
DA:351,1
DA:357,4
DA:358,4
DA:359,1
DA:365,3
DA:366,3
DA:367,3
DA:373,0
DA:374,0
DA:380,0
DA:382,0
DA:388,0
DA:389,0
DA:420,3
DA:421,3
DA:422,3
DA:425,3
DA:426,3
DA:427,3
DA:428,1
DA:429,1
DA:435,0
DA:439,2
DA:442,2
DA:452,2
DA:453,2
DA:454,2
DA:455,1
DA:458,1
DA:461,1
DA:462,0
DA:465,1
DA:480,1
DA:483,1
DA:484,0
DA:490,1
DA:493,1
DA:495,1
DA:506,1
DA:507,1
DA:525,1
DA:528,1
DA:529,1
DA:530,1
DA:534,0
DA:535,0
DA:538,0
DA:540,1
DA:541,1
DA:542,1
DA:571,4
DA:572,4
DA:573,4
DA:576,4
DA:577,1
DA:578,1
DA:584,3
DA:585,3
DA:586,1
DA:587,1
DA:592,2
DA:594,2
DA:595,2
DA:596,2
DA:597,2
DA:600,2
DA:601,2
DA:603,2
DA:604,1
DA:610,1
DA:611,1
DA:614,1
DA:618,1
DA:621,1
DA:630,1
DA:632,1
DA:641,0
DA:642,0
DA:660,3
DA:665,3
DA:667,2
DA:672,1
DA:673,1
DA:679,1
LF:167
LH:133
BRDA:16,0,0,1
BRDA:16,0,1,1
BRDA:16,1,0,2
BRDA:16,1,1,1
BRDA:18,2,0,1
BRDA:18,2,1,1
BRDA:18,2,2,1
BRDA:66,3,0,1
BRDA:66,3,1,5
BRDA:75,4,0,1
BRDA:75,4,1,4
BRDA:86,5,0,1
BRDA:86,5,1,2
BRDA:108,6,0,2
BRDA:108,6,1,1
BRDA:124,7,0,2
BRDA:124,7,1,1
BRDA:143,8,0,1
BRDA:143,8,1,1
BRDA:167,9,0,0
BRDA:167,9,1,1
BRDA:167,10,0,1
BRDA:167,10,1,1
BRDA:169,11,0,0
BRDA:169,11,1,1
BRDA:198,12,0,1
BRDA:198,12,1,5
BRDA:204,13,0,1
BRDA:204,13,1,4
BRDA:204,14,0,5
BRDA:204,14,1,4
BRDA:210,15,0,1
BRDA:210,15,1,3
BRDA:216,16,0,1
BRDA:216,16,1,2
BRDA:235,17,0,0
BRDA:235,17,1,0
BRDA:235,18,0,0
BRDA:235,18,1,0
BRDA:250,19,0,0
BRDA:250,19,1,0
BRDA:267,20,0,0
BRDA:267,20,1,0
BRDA:289,21,0,0
BRDA:289,21,1,0
BRDA:343,22,0,1
BRDA:343,22,1,5
BRDA:343,23,0,6
BRDA:343,23,1,5
BRDA:343,23,2,5
BRDA:350,24,0,1
BRDA:350,24,1,4
BRDA:358,25,0,1
BRDA:358,25,1,3
BRDA:366,26,0,3
BRDA:366,26,1,0
BRDA:373,27,0,0
BRDA:373,27,1,0
BRDA:427,28,0,1
BRDA:427,28,1,2
BRDA:483,29,0,0
BRDA:483,29,1,1
BRDA:483,30,0,1
BRDA:483,30,1,1
BRDA:529,31,0,1
BRDA:529,31,1,0
BRDA:576,32,0,1
BRDA:576,32,1,3
BRDA:576,33,0,4
BRDA:576,33,1,3
BRDA:585,34,0,1
BRDA:585,34,1,2
BRDA:596,35,0,0
BRDA:596,35,1,2
BRDA:603,36,0,1
BRDA:603,36,1,1
BRDA:614,37,0,1
BRDA:614,37,1,0
BRDA:614,38,0,1
BRDA:614,38,1,1
BRDA:616,39,0,0
BRDA:616,39,1,0
BRDA:616,39,2,0
BRDA:665,40,0,2
BRDA:665,40,1,1
BRF:85
BRH:63
end_of_record
